<?xml version="1.0" encoding="UTF-8"?>
<!-- Generated by org.testng.reporters.JUnitXMLReporter -->
<testsuite ignored="0" hostname="SF-CPU-102" failures="0" tests="3" name="Customer Tests" time="1.519" errors="0" timestamp="2025-03-26T14:05:16 IST">
  <testcase classname="TestCases.Customer.customerLogin" name="customerLogin" time="0.964"/>
  <testcase classname="TestCases.Customer.customerRegistration" name="registerCustomer" time="0.125"/>
  <testcase classname="TestCases.Customer.customerAddToCart" name="addProductToCart" time="0.09"/>
</testsuite> <!-- Customer Tests -->
