<?xml version="1.0" encoding="UTF-8"?>
<!-- Generated by org.testng.reporters.JUnitXMLReporter -->
<testsuite ignored="0" hostname="LAPTOP-T0CPVTRM" failures="0" tests="3" name="CustomerRegistrationTests" time="0.943" errors="0" timestamp="2025-04-09T22:50:40 IST">
  <testcase classname="com.opencart.api.testcases.customer.RegisterCustomer" name="verifyCustomerRegistration" time="0.603"/>
  <testcase classname="com.opencart.api.testcases.customer.RegisterCustomer" name="verifyCustomerRegistration" time="0.154"/>
  <testcase classname="com.opencart.api.testcases.customer.RegisterCustomer" name="verifyCustomerRegistration" time="0.172"/>
</testsuite> <!-- CustomerRegistrationTests -->
