<?xml version="1.0" encoding="UTF-8"?>
<testng-results ignored="0" total="10" passed="10" failed="0" skipped="0">
  <reporter-output>
  </reporter-output>
  <suite started-at="2025-04-09T22:50:37 IST" name="OpenCartAPITestReport" finished-at="2025-04-09T22:50:41 IST" duration-ms="3114">
    <groups>
    </groups>
    <test started-at="2025-04-09T22:50:37 IST" name="AdminLoginTests" finished-at="2025-04-09T22:50:39 IST" duration-ms="1755">
      <class name="com.opencart.api.testcases.admin.LoginAdmin">
        <test-method is-config="true" signature="setUp()[pri:0, instance:com.opencart.api.testcases.admin.LoginAdmin@6f204a1a]" started-at="2025-04-09T22:50:37 IST" name="setUp" finished-at="2025-04-09T22:50:37 IST" duration-ms="12" status="PASS">
          <reporter-output>
          </reporter-output>
        </test-method> <!-- setUp -->
        <test-method signature="verifyAdminCanLoginSuccessfully()[pri:1, instance:com.opencart.api.testcases.admin.LoginAdmin@6f204a1a]" started-at="2025-04-09T22:50:37 IST" name="verifyAdminCanLoginSuccessfully" description="Verify Admin Login API returns valid token" finished-at="2025-04-09T22:50:39 IST" duration-ms="1667" status="PASS">
          <reporter-output>
          </reporter-output>
        </test-method> <!-- verifyAdminCanLoginSuccessfully -->
      </class> <!-- com.opencart.api.testcases.admin.LoginAdmin -->
    </test> <!-- AdminLoginTests -->
    <test started-at="2025-04-09T22:50:39 IST" name="CustomerRegistrationTests" finished-at="2025-04-09T22:50:40 IST" duration-ms="943">
      <class name="com.opencart.api.testcases.customer.RegisterCustomer">
        <test-method signature="verifyCustomerRegistration(java.lang.String,java.lang.String,java.lang.String,java.lang.String,java.lang.String,java.lang.String,java.lang.String,java.lang.String)[pri:2, instance:com.opencart.api.testcases.customer.RegisterCustomer@5340477f]" started-at="2025-04-09T22:50:39 IST" name="verifyCustomerRegistration" data-provider="customerRegistrationData" finished-at="2025-04-09T22:50:40 IST" duration-ms="603" status="PASS">
          <params>
            <param index="0">
              <value>
                <![CDATA[Ritu]]>
              </value>
            </param>
            <param index="1">
              <value>
                <![CDATA[Panchal]]>
              </value>
            </param>
            <param index="2">
              <value>
                <![CDATA[ritu1@example.com]]>
              </value>
            </param>
            <param index="3">
              <value>
                <![CDATA[9876543210]]>
              </value>
            </param>
            <param index="4">
              <value>
                <![CDATA[Pass1234]]>
              </value>
            </param>
            <param index="5">
              <value>
                <![CDATA[Pass1234]]>
              </value>
            </param>
            <param index="6">
              <value>
                <![CDATA[1]]>
              </value>
            </param>
            <param index="7">
              <value>
                <![CDATA[1]]>
              </value>
            </param>
          </params>
          <reporter-output>
          </reporter-output>
        </test-method> <!-- verifyCustomerRegistration -->
        <test-method signature="verifyCustomerRegistration(java.lang.String,java.lang.String,java.lang.String,java.lang.String,java.lang.String,java.lang.String,java.lang.String,java.lang.String)[pri:2, instance:com.opencart.api.testcases.customer.RegisterCustomer@5340477f]" started-at="2025-04-09T22:50:40 IST" name="verifyCustomerRegistration" data-provider="customerRegistrationData" finished-at="2025-04-09T22:50:40 IST" duration-ms="154" status="PASS">
          <params>
            <param index="0">
              <value>
                <![CDATA[Krishn]]>
              </value>
            </param>
            <param index="1">
              <value>
                <![CDATA[Panchal]]>
              </value>
            </param>
            <param index="2">
              <value>
                <![CDATA[krishn@example.com]]>
              </value>
            </param>
            <param index="3">
              <value>
                <![CDATA[9123456789]]>
              </value>
            </param>
            <param index="4">
              <value>
                <![CDATA[Test@456]]>
              </value>
            </param>
            <param index="5">
              <value>
                <![CDATA[Test@456]]>
              </value>
            </param>
            <param index="6">
              <value>
                <![CDATA[1]]>
              </value>
            </param>
            <param index="7">
              <value>
                <![CDATA[1]]>
              </value>
            </param>
          </params>
          <reporter-output>
          </reporter-output>
        </test-method> <!-- verifyCustomerRegistration -->
        <test-method signature="verifyCustomerRegistration(java.lang.String,java.lang.String,java.lang.String,java.lang.String,java.lang.String,java.lang.String,java.lang.String,java.lang.String)[pri:2, instance:com.opencart.api.testcases.customer.RegisterCustomer@5340477f]" started-at="2025-04-09T22:50:40 IST" name="verifyCustomerRegistration" data-provider="customerRegistrationData" finished-at="2025-04-09T22:50:40 IST" duration-ms="172" status="PASS">
          <params>
            <param index="0">
              <value>
                <![CDATA[Test]]>
              </value>
            </param>
            <param index="1">
              <value>
                <![CDATA[User]]>
              </value>
            </param>
            <param index="2">
              <value>
                <![CDATA[user@example.com]]>
              </value>
            </param>
            <param index="3">
              <value>
                <![CDATA[9012345678]]>
              </value>
            </param>
            <param index="4">
              <value>
                <![CDATA[Sample123]]>
              </value>
            </param>
            <param index="5">
              <value>
                <![CDATA[Sample123]]>
              </value>
            </param>
            <param index="6">
              <value>
                <![CDATA[0]]>
              </value>
            </param>
            <param index="7">
              <value>
                <![CDATA[1]]>
              </value>
            </param>
          </params>
          <reporter-output>
          </reporter-output>
        </test-method> <!-- verifyCustomerRegistration -->
      </class> <!-- com.opencart.api.testcases.customer.RegisterCustomer -->
    </test> <!-- CustomerRegistrationTests -->
    <test started-at="2025-04-09T22:50:40 IST" name="CustomerCartTests" finished-at="2025-04-09T22:50:41 IST" duration-ms="380">
      <class name="com.opencart.api.testcases.customer.AddToCart">
        <test-method signature="verifyAddProductToCart(int,int)[pri:5, instance:com.opencart.api.testcases.customer.AddToCart@387a8303]" started-at="2025-04-09T22:50:40 IST" name="verifyAddProductToCart" data-provider="productData" finished-at="2025-04-09T22:50:40 IST" duration-ms="72" status="PASS">
          <params>
            <param index="0">
              <value>
                <![CDATA[41]]>
              </value>
            </param>
            <param index="1">
              <value>
                <![CDATA[2]]>
              </value>
            </param>
          </params>
          <reporter-output>
          </reporter-output>
        </test-method> <!-- verifyAddProductToCart -->
        <test-method signature="verifyAddProductToCart(int,int)[pri:5, instance:com.opencart.api.testcases.customer.AddToCart@387a8303]" started-at="2025-04-09T22:50:40 IST" name="verifyAddProductToCart" data-provider="productData" finished-at="2025-04-09T22:50:40 IST" duration-ms="66" status="PASS">
          <params>
            <param index="0">
              <value>
                <![CDATA[40]]>
              </value>
            </param>
            <param index="1">
              <value>
                <![CDATA[1]]>
              </value>
            </param>
          </params>
          <reporter-output>
          </reporter-output>
        </test-method> <!-- verifyAddProductToCart -->
        <test-method signature="verifyAddProductToCart(int,int)[pri:5, instance:com.opencart.api.testcases.customer.AddToCart@387a8303]" started-at="2025-04-09T22:50:40 IST" name="verifyAddProductToCart" data-provider="productData" finished-at="2025-04-09T22:50:40 IST" duration-ms="57" status="PASS">
          <params>
            <param index="0">
              <value>
                <![CDATA[100]]>
              </value>
            </param>
            <param index="1">
              <value>
                <![CDATA[100]]>
              </value>
            </param>
          </params>
          <reporter-output>
          </reporter-output>
        </test-method> <!-- verifyAddProductToCart -->
        <test-method signature="verifyAddProductToCart(int,int)[pri:5, instance:com.opencart.api.testcases.customer.AddToCart@387a8303]" started-at="2025-04-09T22:50:40 IST" name="verifyAddProductToCart" data-provider="productData" finished-at="2025-04-09T22:50:40 IST" duration-ms="66" status="PASS">
          <params>
            <param index="0">
              <value>
                <![CDATA[40]]>
              </value>
            </param>
            <param index="1">
              <value>
                <![CDATA[-3]]>
              </value>
            </param>
          </params>
          <reporter-output>
          </reporter-output>
        </test-method> <!-- verifyAddProductToCart -->
        <test-method signature="verifyAddProductToCart(int,int)[pri:5, instance:com.opencart.api.testcases.customer.AddToCart@387a8303]" started-at="2025-04-09T22:50:40 IST" name="verifyAddProductToCart" data-provider="productData" finished-at="2025-04-09T22:50:40 IST" duration-ms="44" status="PASS">
          <params>
            <param index="0">
              <value>
                <![CDATA[41]]>
              </value>
            </param>
            <param index="1">
              <value>
                <![CDATA[0]]>
              </value>
            </param>
          </params>
          <reporter-output>
          </reporter-output>
        </test-method> <!-- verifyAddProductToCart -->
        <test-method signature="verifyAddProductToCart(int,int)[pri:5, instance:com.opencart.api.testcases.customer.AddToCart@387a8303]" started-at="2025-04-09T22:50:40 IST" name="verifyAddProductToCart" data-provider="productData" finished-at="2025-04-09T22:50:41 IST" duration-ms="54" status="PASS">
          <params>
            <param index="0">
              <value>
                <![CDATA[0]]>
              </value>
            </param>
            <param index="1">
              <value>
                <![CDATA[0]]>
              </value>
            </param>
          </params>
          <reporter-output>
          </reporter-output>
        </test-method> <!-- verifyAddProductToCart -->
      </class> <!-- com.opencart.api.testcases.customer.AddToCart -->
    </test> <!-- CustomerCartTests -->
  </suite> <!-- OpenCartAPITestReport -->
</testng-results>
