<?xml version="1.0" encoding="UTF-8"?>
<!-- Generated by org.testng.reporters.JUnitXMLReporter -->
<testsuite ignored="0" hostname="LAPTOP-T0CPVTRM" failures="0" tests="3" name="CustomerRegistrationTests" time="1.053" errors="0" timestamp="2025-04-06T19:49:17 IST">
  <testcase classname="com.opencart.api.testcases.customer.RegisterCustomer" name="verifyCustomerRegistration" time="0.658"/>
  <testcase classname="com.opencart.api.testcases.customer.RegisterCustomer" name="verifyCustomerRegistration" time="0.208"/>
  <testcase classname="com.opencart.api.testcases.customer.RegisterCustomer" name="verifyCustomerRegistration" time="0.175"/>
</testsuite> <!-- CustomerRegistrationTests -->
