<?xml version="1.0" encoding="UTF-8"?>
<!-- Generated by org.testng.reporters.JUnitXMLReporter -->
<testsuite ignored="0" hostname="LAPTOP-T0CPVTRM" failures="0" tests="6" name="CustomerCartTests" time="0.384" errors="0" timestamp="2025-04-06T19:49:18 IST">
  <testcase classname="com.opencart.api.testcases.customer.AddToCart" name="verifyAddProductToCart" time="0.061"/>
  <testcase classname="com.opencart.api.testcases.customer.AddToCart" name="verifyAddProductToCart" time="0.066"/>
  <testcase classname="com.opencart.api.testcases.customer.AddToCart" name="verifyAddProductToCart" time="0.045"/>
  <testcase classname="com.opencart.api.testcases.customer.AddToCart" name="verifyAddProductToCart" time="0.061"/>
  <testcase classname="com.opencart.api.testcases.customer.AddToCart" name="verifyAddProductToCart" time="0.06"/>
  <testcase classname="com.opencart.api.testcases.customer.AddToCart" name="verifyAddProductToCart" time="0.084"/>
</testsuite> <!-- CustomerCartTests -->
