<?xml version="1.0" encoding="UTF-8"?>
<!-- Generated by org.testng.reporters.JUnitXMLReporter -->
<testsuite ignored="0" hostname="SF-CPU-102" failures="0" tests="4" name="User API Tests" time="1.839" errors="0" timestamp="2025-04-03T11:34:46 IST">
  <testcase classname="TestCases.User.loginTestCases" name="testLogin" time="1.258"/>
  <testcase classname="TestCases.User.AddUserDetails" name="addCustomer" time="0.168"/>
  <testcase classname="TestCases.Cart.AddToCart" name="addProductToCart" time="0.039"/>
  <testcase classname="TestCases.Cart.viewCart" name="testViewCart" time="0.044"/>
</testsuite> <!-- User API Tests -->
