<?xml version="1.0" encoding="UTF-8"?>
<!-- Generated by org.testng.reporters.JUnitXMLReporter -->
<testsuite ignored="0" hostname="SF-CPU-102" failures="0" tests="4" name="User API Tests" time="1.786" errors="0" timestamp="2025-03-31T14:08:10 IST">
  <testcase classname="TestCases.User.loginTestCases" name="testLogin" time="1.172"/>
  <testcase classname="TestCases.User.AddUserDetails" name="addCustomer" time="0.146"/>
  <testcase classname="TestCases.Cart.AddToCart" name="addProductToCart" time="0.039"/>
  <testcase classname="TestCases.Cart.viewCart" name="testViewCart" time="0.063"/>
</testsuite> <!-- User API Tests -->
