<?xml version="1.0" encoding="UTF-8"?>
<testng-results ignored="0" total="4" passed="4" failed="0" skipped="0">
  <reporter-output>
  </reporter-output>
  <suite started-at="2025-03-31T14:08:08 IST" name="OpenCart API Suite" finished-at="2025-03-31T14:08:10 IST" duration-ms="1786">
    <groups>
    </groups>
    <test started-at="2025-03-31T14:08:08 IST" name="User API Tests" finished-at="2025-03-31T14:08:10 IST" duration-ms="1786">
      <class name="TestCases.User.AddUserDetails">
        <test-method is-config="true" signature="setup()[pri:0, instance:TestCases.User.AddUserDetails@35ef1869]" started-at="2025-03-31T14:08:10 IST" name="setup" finished-at="2025-03-31T14:08:10 IST" duration-ms="1" status="PASS">
          <reporter-output>
          </reporter-output>
        </test-method> <!-- setup -->
        <test-method signature="addCustomer()[pri:2, instance:TestCases.User.AddUserDetails@35ef1869]" started-at="2025-03-31T14:08:10 IST" name="addCustomer" finished-at="2025-03-31T14:08:10 IST" duration-ms="146" status="PASS">
          <reporter-output>
          </reporter-output>
        </test-method> <!-- addCustomer -->
      </class> <!-- TestCases.User.AddUserDetails -->
      <class name="TestCases.Cart.AddToCart">
        <test-method is-config="true" signature="setup()[pri:0, instance:TestCases.Cart.AddToCart@c33b74f]" started-at="2025-03-31T14:08:10 IST" name="setup" finished-at="2025-03-31T14:08:10 IST" duration-ms="1" status="PASS">
          <reporter-output>
          </reporter-output>
        </test-method> <!-- setup -->
        <test-method signature="addProductToCart()[pri:3, instance:TestCases.Cart.AddToCart@c33b74f]" started-at="2025-03-31T14:08:10 IST" name="addProductToCart" finished-at="2025-03-31T14:08:10 IST" duration-ms="39" status="PASS">
          <reporter-output>
          </reporter-output>
        </test-method> <!-- addProductToCart -->
      </class> <!-- TestCases.Cart.AddToCart -->
      <class name="TestCases.Cart.viewCart">
        <test-method is-config="true" signature="setup()[pri:0, instance:TestCases.Cart.viewCart@130161f7]" started-at="2025-03-31T14:08:10 IST" name="setup" finished-at="2025-03-31T14:08:10 IST" duration-ms="1" status="PASS">
          <reporter-output>
          </reporter-output>
        </test-method> <!-- setup -->
        <test-method signature="testViewCart()[pri:4, instance:TestCases.Cart.viewCart@130161f7]" started-at="2025-03-31T14:08:10 IST" name="testViewCart" finished-at="2025-03-31T14:08:10 IST" duration-ms="63" status="PASS">
          <reporter-output>
          </reporter-output>
        </test-method> <!-- testViewCart -->
      </class> <!-- TestCases.Cart.viewCart -->
      <class name="TestCases.User.loginTestCases">
        <test-method is-config="true" signature="setup()[pri:0, instance:TestCases.User.loginTestCases@27ce24aa]" started-at="2025-03-31T14:08:08 IST" name="setup" finished-at="2025-03-31T14:08:08 IST" duration-ms="320" status="PASS">
          <reporter-output>
          </reporter-output>
        </test-method> <!-- setup -->
        <test-method signature="testLogin()[pri:1, instance:TestCases.User.loginTestCases@27ce24aa]" started-at="2025-03-31T14:08:08 IST" name="testLogin" finished-at="2025-03-31T14:08:10 IST" duration-ms="1172" status="PASS">
          <reporter-output>
          </reporter-output>
        </test-method> <!-- testLogin -->
      </class> <!-- TestCases.User.loginTestCases -->
    </test> <!-- User API Tests -->
  </suite> <!-- OpenCart API Suite -->
</testng-results>
